<?xml version="1.0" encoding="UTF-8"?>
<!-- Generated by org.testng.reporters.JUnitXMLReporter -->
<testsuite ignored="2" hostname="AMMU21515" failures="0" tests="1" name="Logintestcases" time="5.054" errors="0" timestamp="2024-05-04T08:04:50 IST">
  <testcase classname="testngbasics.BasicTestCases" name="VerifyChcekboxHeader" time="0.163"/>
  <testcase classname="testngbasics.BasicTestCases" name="Verifymultiplecheckbox" time="0.0">
    <ignored/>
  </testcase> <!-- Verifymultiplecheckbox -->
  <testcase classname="testngbasics.BasicTestCases" name="VerifyChcekboxDisply" time="0.0">
    <ignored/>
  </testcase> <!-- VerifyChcekboxDisply -->
</testsuite> <!-- Logintestcases -->
