<?xml version="1.0" encoding="UTF-8"?>
<!-- Generated by org.testng.reporters.JUnitXMLReporter -->
<testsuite ignored="0" hostname="AMMU21515" failures="0" tests="7" name="Logintestcases" time="35.675" errors="0" timestamp="2024-05-04T07:51:23 IST">
  <testcase classname="testngbasics.Basicannotation" name="TestCase1" time="0.015"/>
  <testcase classname="testngbasics.Basicannotation" name="TestCase2" time="0.003"/>
  <testcase classname="testngbasics.BasicTestCases" name="VerifyChcekboxDisply" time="0.243"/>
  <testcase classname="testngbasics.BasicTestCases" name="VerifyChcekboxHeader" time="0.194"/>
  <testcase classname="testngbasics.BasicTestCases" name="Verifymultiplecheckbox" time="0.126"/>
  <testcase classname="testngbasics.NormalTestCase" name="verifyAmazonTitle" time="0.314"/>
  <testcase classname="testngbasics.NormalTestCase" name="verifyurl" time="0.083"/>
</testsuite> <!-- Logintestcases -->
