<?xml version="1.0" encoding="UTF-8"?>
<!-- Generated by org.testng.reporters.JUnitXMLReporter -->
<testsuite ignored="0" hostname="AMMU21515" failures="1" tests="2" name="testcase1" time="10.37" errors="0" timestamp="2024-05-04T08:24:35 IST">
  <testcase classname="Assignments.Radiobutton" name="verifyradiobuttonEnabled" time="0.164">
    <failure type="java.lang.AssertionError" message="expected [false] but found [true]">
      <![CDATA[java.lang.AssertionError: expected [false] but found [true]
at Assignments.Radiobutton.verifyradiobuttonEnabled(Radiobutton.java:35)
at java.base/java.util.ArrayList.forEach(ArrayList.java:1511)
at java.base/java.util.concurrent.FutureTask.run(FutureTask.java:264)
at java.base/java.util.concurrent.ThreadPoolExecutor.runWorker(ThreadPoolExecutor.java:1136)
at java.base/java.util.concurrent.ThreadPoolExecutor$Worker.run(ThreadPoolExecutor.java:635)
at java.base/java.lang.Thread.run(Thread.java:842)
... Removed 21 stack frames]]>
    </failure>
  </testcase> <!-- verifyradiobuttonEnabled -->
  <testcase classname="Assignments.Radiobutton" name="verifyradiobuttonselected" time="0.0">
    <skipped/>
  </testcase> <!-- verifyradiobuttonselected -->
</testsuite> <!-- testcase1 -->
