<?xml version="1.0" encoding="UTF-8"?>
<!-- Generated by org.testng.reporters.JUnitXMLReporter -->
<testsuite ignored="0" hostname="AMMU21515" failures="0" tests="3" name="Default test" time="9.872" errors="0" timestamp="2024-05-04T08:29:54 IST">
  <testcase classname="testngbasics.BasicTestCases" name="VerifyChcekboxDisply" time="0.093"/>
  <testcase classname="testngbasics.BasicTestCases" name="VerifyChcekboxHeader" time="0.065"/>
  <testcase classname="testngbasics.BasicTestCases" name="Verifymultiplecheckbox" time="0.057"/>
</testsuite> <!-- Default test -->
