<?xml version="1.0" encoding="UTF-8"?>
<testng-results ignored="0" total="3" passed="3" failed="0" skipped="0">
  <reporter-output>
  </reporter-output>
  <suite started-at="2024-05-04T08:29:44 IST" name="Default suite" finished-at="2024-05-04T08:29:54 IST" duration-ms="9872">
    <groups>
    </groups>
    <test started-at="2024-05-04T08:29:44 IST" name="Default test" finished-at="2024-05-04T08:29:54 IST" duration-ms="9872">
      <class name="testngbasics.BasicTestCases">
        <test-method is-config="true" signature="launchsection()[pri:0, instance:testngbasics.BasicTestCases@4efbca5a]" started-at="2024-05-04T08:29:44 IST" name="launchsection" finished-at="2024-05-04T08:29:48 IST" duration-ms="3478" status="PASS">
          <reporter-output>
          </reporter-output>
        </test-method> <!-- launchsection -->
        <test-method signature="VerifyChcekboxDisply()[pri:0, instance:testngbasics.BasicTestCases@4efbca5a]" started-at="2024-05-04T08:29:48 IST" name="VerifyChcekboxDisply" finished-at="2024-05-04T08:29:48 IST" duration-ms="93" status="PASS">
          <reporter-output>
          </reporter-output>
        </test-method> <!-- VerifyChcekboxDisply -->
        <test-method is-config="true" signature="Aftermethod()[pri:0, instance:testngbasics.BasicTestCases@4efbca5a]" started-at="2024-05-04T08:29:48 IST" name="Aftermethod" finished-at="2024-05-04T08:29:48 IST" duration-ms="236" status="PASS">
          <reporter-output>
          </reporter-output>
        </test-method> <!-- Aftermethod -->
        <test-method is-config="true" signature="launchsection()[pri:0, instance:testngbasics.BasicTestCases@4efbca5a]" started-at="2024-05-04T08:29:48 IST" name="launchsection" finished-at="2024-05-04T08:29:51 IST" duration-ms="2651" status="PASS">
          <reporter-output>
          </reporter-output>
        </test-method> <!-- launchsection -->
        <test-method signature="VerifyChcekboxHeader()[pri:0, instance:testngbasics.BasicTestCases@4efbca5a]" started-at="2024-05-04T08:29:51 IST" name="VerifyChcekboxHeader" finished-at="2024-05-04T08:29:51 IST" duration-ms="65" status="PASS">
          <reporter-output>
          </reporter-output>
        </test-method> <!-- VerifyChcekboxHeader -->
        <test-method is-config="true" signature="Aftermethod()[pri:0, instance:testngbasics.BasicTestCases@4efbca5a]" started-at="2024-05-04T08:29:51 IST" name="Aftermethod" finished-at="2024-05-04T08:29:51 IST" duration-ms="155" status="PASS">
          <reporter-output>
          </reporter-output>
        </test-method> <!-- Aftermethod -->
        <test-method is-config="true" signature="launchsection()[pri:0, instance:testngbasics.BasicTestCases@4efbca5a]" started-at="2024-05-04T08:29:51 IST" name="launchsection" finished-at="2024-05-04T08:29:54 IST" duration-ms="2873" status="PASS">
          <reporter-output>
          </reporter-output>
        </test-method> <!-- launchsection -->
        <test-method signature="Verifymultiplecheckbox()[pri:0, instance:testngbasics.BasicTestCases@4efbca5a]" started-at="2024-05-04T08:29:54 IST" name="Verifymultiplecheckbox" finished-at="2024-05-04T08:29:54 IST" duration-ms="57" status="PASS">
          <reporter-output>
          </reporter-output>
        </test-method> <!-- Verifymultiplecheckbox -->
        <test-method is-config="true" signature="Aftermethod()[pri:0, instance:testngbasics.BasicTestCases@4efbca5a]" started-at="2024-05-04T08:29:54 IST" name="Aftermethod" finished-at="2024-05-04T08:29:54 IST" duration-ms="178" status="PASS">
          <reporter-output>
          </reporter-output>
        </test-method> <!-- Aftermethod -->
      </class> <!-- testngbasics.BasicTestCases -->
    </test> <!-- Default test -->
  </suite> <!-- Default suite -->
</testng-results>
